
> @aah/ai-evals@1.0.0 build C:\Users\dgorn\My Gemini Code\academic-athletics-saas\packages\ai-evals
> tsup src/index.ts --format cjs,esm --dts

[34mCLI[39m Building entry: src/index.ts
[34mCLI[39m Using tsconfig: tsconfig.json
[34mCLI[39m tsup v8.5.0
[34mCLI[39m Using tsup config: C:\Users\dgorn\My Gemini Code\academic-athletics-saas\packages\ai-evals\tsup.config.ts
[34mCLI[39m Target: es2022
[34mCLI[39m Cleaning output folder
[34mCJS[39m Build start
[34mESM[39m Build start
[34mDTS[39m Build start
[32mCJS[39m [1mdist\index.js     [22m[32m147.80 KB[39m
[32mCJS[39m [1mdist\index.js.map [22m[32m356.60 KB[39m
[32mCJS[39m ‚ö°Ô∏è Build success in 673ms
[32mESM[39m [1mdist\index.mjs     [22m[32m145.74 KB[39m
[32mESM[39m [1mdist\index.mjs.map [22m[32m356.46 KB[39m
[32mESM[39m ‚ö°Ô∏è Build success in 673ms
src/scorers.ts(705,53): error TS2345: Argument of type '{ latencyMs: number; tokens?: { input: number; output: number; total: number; } | undefined; cost?: number | undefined; } | undefined' is not assignable to parameter of type '{ latencyMs: number; tokens?: TokenUsage | undefined; cost?: number | undefined; } | undefined'.
  Type '{ latencyMs: number; tokens?: { input: number; output: number; total: number; } | undefined; cost?: number | undefined; }' is not assignable to type '{ latencyMs: number; tokens?: TokenUsage | undefined; cost?: number | undefined; }'.
    Types of property 'tokens' are incompatible.
      Type '{ input: number; output: number; total: number; } | undefined' is not assignable to type 'TokenUsage | undefined'.
        Type '{ input: number; output: number; total: number; }' is missing the following properties from type 'TokenUsage': prompt, completion

[31mError: error occurred in dts build
    at Worker.<anonymous> (C:\Users\dgorn\My Gemini Code\academic-athletics-saas\node_modules\.pnpm\tsup@8.5.0_tsx@4.20.6_typescript@5.9.3\node_modules\tsup\dist\index.js:1545:26)
    at Worker.emit (node:events:507:28)
    at MessagePort.<anonymous> (node:internal/worker:268:53)
    at [nodejs.internal.kHybridDispatch] (node:internal/event_target:827:20)
    at MessagePort.<anonymous> (node:internal/per_context/messageport:23:28)[39m
[31mDTS[39m [31mBuild error[39m
C:\Users\dgorn\My Gemini Code\academic-athletics-saas\packages\ai-evals:
‚ÄâERR_PNPM_RECURSIVE_RUN_FIRST_FAIL‚Äâ @aah/ai-evals@1.0.0 build: `tsup src/index.ts --format cjs,esm --dts`
Exit status 1
