
> athletic-academics-hub@2.0.0 build C:\Users\dgorn\My Gemini Code\academic-athletics-saas
> turbo run build

turbo 2.6.0

‚Ä¢ Packages in scope: @aah/ai, @aah/ai-evals, @aah/api-utils, @aah/auth, @aah/config, @aah/database, @aah/service-advising, @aah/service-ai, @aah/service-compliance, @aah/service-integration, @aah/service-monitoring, @aah/service-support, @aah/service-user, @aah/ui, admin, main, student
‚Ä¢ Running build in 17 packages
‚Ä¢ Remote caching disabled
student:build: cache miss, executing 6dc2755ae9b9188c
admin:build: cache miss, executing ababa359d6086ce2
@aah/ai-evals:build: cache miss, executing 0fc3163acb961803
@aah/service-user:build: cache miss, executing 39c1262d8550f8ff
@aah/service-compliance:build: cache miss, executing 6e4b298799788bfb
@aah/service-ai:build: cache miss, executing 396e2225ded285f6
@aah/service-monitoring:build: cache miss, executing 842fea052f157b20
@aah/service-integration:build: cache miss, executing 24f84d93896b712b
@aah/service-advising:build: cache miss, executing 84196f999c6aa675
@aah/service-support:build: cache miss, executing e8f9c9b7225aeb71
@aah/ai-evals:build: 
@aah/ai-evals:build: > @aah/ai-evals@1.0.0 build C:\Users\dgorn\My Gemini Code\academic-athletics-saas\packages\ai-evals
@aah/ai-evals:build: > tsup src/index.ts --format cjs,esm --dts
@aah/ai-evals:build: 
admin:build: 
admin:build: > admin@2.0.0 build C:\Users\dgorn\My Gemini Code\academic-athletics-saas\apps\admin
admin:build: > next build
admin:build: 
@aah/service-user:build: 
@aah/service-user:build: > @aah/service-user@2.0.0 build C:\Users\dgorn\My Gemini Code\academic-athletics-saas\services\user
@aah/service-user:build: > tsup src/index.ts --format esm,cjs --dts
@aah/service-user:build: 
@aah/service-integration:build: 
@aah/service-integration:build: > @aah/service-integration@2.0.0 build C:\Users\dgorn\My Gemini Code\academic-athletics-saas\services\integration
@aah/service-integration:build: > tsup src/index.ts --format esm,cjs --dts
@aah/service-integration:build: 
@aah/service-support:build: 
@aah/service-support:build: > @aah/service-support@2.0.0 build C:\Users\dgorn\My Gemini Code\academic-athletics-saas\services\support
@aah/service-support:build: > tsup src/index.ts --format esm,cjs --dts
@aah/service-support:build: 
@aah/service-advising:build: 
@aah/service-advising:build: > @aah/service-advising@2.0.0 build C:\Users\dgorn\My Gemini Code\academic-athletics-saas\services\advising
@aah/service-advising:build: > tsup src/index.ts --format esm,cjs --dts
@aah/service-advising:build: 
@aah/service-compliance:build: 
@aah/service-compliance:build: > @aah/service-compliance@2.0.0 build C:\Users\dgorn\My Gemini Code\academic-athletics-saas\services\compliance
@aah/service-compliance:build: > tsup src/index.ts --format esm,cjs --dts
@aah/service-compliance:build: 
student:build: 
student:build: > student@2.0.0 build C:\Users\dgorn\My Gemini Code\academic-athletics-saas\apps\student
student:build: > next build
student:build: 
@aah/service-ai:build: 
@aah/service-ai:build: > @aah/service-ai@2.0.0 build C:\Users\dgorn\My Gemini Code\academic-athletics-saas\services\ai
@aah/service-ai:build: > tsup src/index.ts --format esm,cjs --dts
@aah/service-ai:build: 
@aah/service-monitoring:build: 
@aah/service-monitoring:build: > @aah/service-monitoring@2.0.0 build C:\Users\dgorn\My Gemini Code\academic-athletics-saas\services\monitoring
@aah/service-monitoring:build: > tsup src/index.ts --format esm,cjs --dts
@aah/service-monitoring:build: 
@aah/service-advising:build: [34mCLI[39m Building entry: src/index.ts
@aah/service-support:build: [34mCLI[39m Building entry: src/index.ts
@aah/service-advising:build: [34mCLI[39m Using tsconfig: tsconfig.json
@aah/service-advising:build: [34mCLI[39m tsup v8.5.0
@aah/service-integration:build: [34mCLI[39m Building entry: src/index.ts
@aah/service-integration:build: [34mCLI[39m Using tsconfig: tsconfig.json
@aah/service-integration:build: [34mCLI[39m tsup v8.5.0
@aah/service-support:build: [34mCLI[39m Using tsconfig: tsconfig.json
@aah/service-support:build: [34mCLI[39m tsup v8.5.0
@aah/service-integration:build: [34mCLI[39m Target: es2022
@aah/service-advising:build: [34mCLI[39m Target: es2022
@aah/service-integration:build: [34mESM[39m Build start
@aah/service-integration:build: [34mCJS[39m Build start
@aah/service-advising:build: [34mESM[39m Build start
@aah/service-support:build: [34mCLI[39m Target: es2022
@aah/service-advising:build: [34mCJS[39m Build start
@aah/service-user:build: [34mCLI[39m Building entry: src/index.ts
@aah/service-support:build: [34mESM[39m Build start
@aah/service-support:build: [34mCJS[39m Build start
@aah/service-user:build: [34mCLI[39m Using tsconfig: tsconfig.json
@aah/service-user:build: [34mCLI[39m tsup v8.5.0
@aah/service-user:build: [34mCLI[39m Target: es2022
@aah/service-user:build: [34mESM[39m Build start
@aah/service-user:build: [34mCJS[39m Build start
@aah/service-compliance:build: [34mCLI[39m Building entry: src/index.ts
@aah/service-ai:build: [34mCLI[39m Building entry: src/index.ts
@aah/service-compliance:build: [34mCLI[39m Using tsconfig: tsconfig.json
@aah/service-ai:build: [34mCLI[39m Using tsconfig: tsconfig.json
@aah/service-compliance:build: [34mCLI[39m tsup v8.5.0
@aah/service-ai:build: [34mCLI[39m tsup v8.5.0
@aah/service-ai:build: [34mCLI[39m Target: es2022
@aah/service-compliance:build: [34mCLI[39m Target: es2022
@aah/service-ai:build: [34mESM[39m Build start
@aah/service-ai:build: [34mCJS[39m Build start
@aah/service-compliance:build: [34mESM[39m Build start
@aah/service-compliance:build: [34mCJS[39m Build start
@aah/service-monitoring:build: [34mCLI[39m Building entry: src/index.ts
@aah/service-monitoring:build: [34mCLI[39m Using tsconfig: tsconfig.json
@aah/service-monitoring:build: [34mCLI[39m tsup v8.5.0
@aah/service-monitoring:build: [34mCLI[39m Target: es2022
@aah/service-monitoring:build: [34mESM[39m Build start
@aah/service-monitoring:build: [34mCJS[39m Build start
@aah/ai-evals:build: [34mCLI[39m Building entry: src/index.ts
@aah/ai-evals:build: [34mCLI[39m Using tsconfig: tsconfig.json
@aah/ai-evals:build: [34mCLI[39m tsup v8.5.0
@aah/ai-evals:build: [34mCLI[39m Using tsup config: C:\Users\dgorn\My Gemini Code\academic-athletics-saas\packages\ai-evals\tsup.config.ts
@aah/ai-evals:build: [34mCLI[39m Target: es2022
@aah/service-user:build: [32mESM[39m [1mdist\index.mjs [22m[32m12.86 KB[39m
@aah/service-advising:build: [32mESM[39m [1mdist\index.mjs [22m[32m15.32 KB[39m
@aah/service-user:build: [32mESM[39m ‚ö°Ô∏è Build success in 102ms
@aah/service-advising:build: [32mESM[39m ‚ö°Ô∏è Build success in 120ms
@aah/service-advising:build: [32mCJS[39m [1mdist\index.js [22m[32m16.60 KB[39m
@aah/service-advising:build: [32mCJS[39m ‚ö°Ô∏è Build success in 121ms
@aah/ai-evals:build: [34mCLI[39m Cleaning output folder
@aah/ai-evals:build: [34mCJS[39m Build start
@aah/ai-evals:build: [34mESM[39m Build start
@aah/service-user:build: [32mCJS[39m [1mdist\index.js [22m[32m14.34 KB[39m
@aah/service-user:build: [32mCJS[39m ‚ö°Ô∏è Build success in 105ms
@aah/service-support:build: [32mCJS[39m [1mdist\index.js [22m[32m40.21 KB[39m
@aah/service-support:build: [32mCJS[39m ‚ö°Ô∏è Build success in 165ms
@aah/service-support:build: [32mESM[39m [1mdist\index.mjs [22m[32m38.77 KB[39m
@aah/service-support:build: [32mESM[39m ‚ö°Ô∏è Build success in 166ms
@aah/service-integration:build: [32mESM[39m [1mdist\index.mjs [22m[32m105.70 KB[39m
@aah/service-integration:build: [32mESM[39m ‚ö°Ô∏è Build success in 176ms
@aah/service-integration:build: [32mCJS[39m [1mdist\index.js [22m[32m109.40 KB[39m
@aah/service-integration:build: [32mCJS[39m ‚ö°Ô∏è Build success in 176ms
@aah/service-monitoring:build: [32mESM[39m [1mdist\index.mjs [22m[32m67.38 KB[39m
@aah/service-monitoring:build: [32mESM[39m ‚ö°Ô∏è Build success in 129ms
@aah/service-compliance:build: [32mESM[39m [1mdist\index.mjs [22m[32m25.39 KB[39m
@aah/service-compliance:build: [32mESM[39m ‚ö°Ô∏è Build success in 177ms
@aah/service-compliance:build: [32mCJS[39m [1mdist\index.js [22m[32m26.56 KB[39m
@aah/service-compliance:build: [32mCJS[39m ‚ö°Ô∏è Build success in 177ms
@aah/service-monitoring:build: [32mCJS[39m [1mdist\index.js [22m[32m69.98 KB[39m
@aah/service-monitoring:build: [32mCJS[39m ‚ö°Ô∏è Build success in 195ms
@aah/service-ai:build: 
@aah/service-ai:build: [43m[30m WARN [39m[49m [33m‚ñ≤ [43;33m[[43;30mWARNING[43;33m][0m [1mDuplicate key "security" in object literal[0m [duplicate-object-key]
@aah/service-ai:build: 
@aah/service-ai:build:     src/config/index.ts:245:2:
@aah/service-ai:build: [37m      245 ‚îÇ   [32msecurity[37m: {
@aah/service-ai:build:           ‚ïµ   [32m~~~~~~~~[0m
@aah/service-ai:build: 
@aah/service-ai:build:   The original key "security" is here:
@aah/service-ai:build: 
@aah/service-ai:build:     src/config/index.ts:69:2:
@aah/service-ai:build: [37m      69 ‚îÇ   [32msecurity[37m: {
@aah/service-ai:build:          ‚ïµ   [32m~~~~~~~~[0m
@aah/service-ai:build: 
@aah/service-ai:build: 
@aah/service-ai:build: 
@aah/service-ai:build: 
@aah/service-ai:build: [43m[30m WARN [39m[49m [33m‚ñ≤ [43;33m[[43;30mWARNING[43;33m][0m [1mDuplicate key "rateLimit" in object literal[0m [duplicate-object-key]
@aah/service-ai:build: 
@aah/service-ai:build:     src/config/index.ts:253:2:
@aah/service-ai:build: [37m      253 ‚îÇ   [32mrateLimit[37m: {
@aah/service-ai:build:           ‚ïµ   [32m~~~~~~~~~[0m
@aah/service-ai:build: 
@aah/service-ai:build:   The original key "rateLimit" is here:
@aah/service-ai:build: 
@aah/service-ai:build:     src/config/index.ts:79:2:
@aah/service-ai:build: [37m      79 ‚îÇ   [32mrateLimit[37m: {
@aah/service-ai:build:          ‚ïµ   [32m~~~~~~~~~[0m
@aah/service-ai:build: 
@aah/service-ai:build: 
@aah/service-ai:build: 
@aah/service-ai:build: 
@aah/service-ai:build: [43m[30m WARN [39m[49m [33m‚ñ≤ [43;33m[[43;30mWARNING[43;33m][0m [1mDuplicate key "security" in object literal[0m [duplicate-object-key]
@aah/service-ai:build: 
@aah/service-ai:build:     src/config/index.ts:245:2:
@aah/service-ai:build: [37m      245 ‚îÇ   [32msecurity[37m: {
@aah/service-ai:build:           ‚ïµ   [32m~~~~~~~~[0m
@aah/service-ai:build: 
@aah/service-ai:build:   The original key "security" is here:
@aah/service-ai:build: 
@aah/service-ai:build:     src/config/index.ts:69:2:
@aah/service-ai:build: [37m      69 ‚îÇ   [32msecurity[37m: {
@aah/service-ai:build:          ‚ïµ   [32m~~~~~~~~[0m
@aah/service-ai:build: 
@aah/service-ai:build: 
@aah/service-ai:build: 
@aah/service-ai:build: 
@aah/service-ai:build: [43m[30m WARN [39m[49m [33m‚ñ≤ [43;33m[[43;30mWARNING[43;33m][0m [1mDuplicate key "rateLimit" in object literal[0m [duplicate-object-key]
@aah/service-ai:build: 
@aah/service-ai:build:     src/config/index.ts:253:2:
@aah/service-ai:build: [37m      253 ‚îÇ   [32mrateLimit[37m: {
@aah/service-ai:build:           ‚ïµ   [32m~~~~~~~~~[0m
@aah/service-ai:build: 
@aah/service-ai:build:   The original key "rateLimit" is here:
@aah/service-ai:build: 
@aah/service-ai:build:     src/config/index.ts:79:2:
@aah/service-ai:build: [37m      79 ‚îÇ   [32mrateLimit[37m: {
@aah/service-ai:build:          ‚ïµ   [32m~~~~~~~~~[0m
@aah/service-ai:build: 
@aah/service-ai:build: 
@aah/service-ai:build: 
@aah/service-ai:build: [32mESM[39m [1mdist\index.mjs [22m[32m116.05 KB[39m
@aah/service-ai:build: [32mESM[39m ‚ö°Ô∏è Build success in 293ms
@aah/service-ai:build: [32mCJS[39m [1mdist\index.js [22m[32m120.84 KB[39m
@aah/service-ai:build: [32mCJS[39m ‚ö°Ô∏è Build success in 293ms
@aah/service-advising:build: [34mDTS[39m Build start
@aah/service-support:build: [34mDTS[39m Build start
@aah/service-user:build: [34mDTS[39m Build start
@aah/service-integration:build: [34mDTS[39m Build start
@aah/service-compliance:build: [34mDTS[39m Build start
@aah/service-ai:build: [34mDTS[39m Build start
@aah/service-monitoring:build: [34mDTS[39m Build start
@aah/ai-evals:build: [34mDTS[39m Build start
@aah/ai-evals:build: [32mCJS[39m [1mdist\index.js     [22m[32m146.91 KB[39m
@aah/ai-evals:build: [32mCJS[39m [1mdist\index.js.map [22m[32m355.12 KB[39m
@aah/ai-evals:build: [32mCJS[39m ‚ö°Ô∏è Build success in 946ms
@aah/ai-evals:build: [32mESM[39m [1mdist\index.mjs     [22m[32m144.85 KB[39m
@aah/ai-evals:build: [32mESM[39m [1mdist\index.mjs.map [22m[32m354.99 KB[39m
@aah/ai-evals:build: [32mESM[39m ‚ö°Ô∏è Build success in 946ms
admin:build:   ‚ñ≤ Next.js 14.2.33
admin:build: 
student:build:   ‚ñ≤ Next.js 14.2.33
student:build: 
admin:build:    Creating an optimized production build ...
student:build:    Creating an optimized production build ...
@aah/service-advising:build: [32mDTS[39m ‚ö°Ô∏è Build success in 4404ms
@aah/service-advising:build: [32mDTS[39m [1mdist\index.d.mts [22m[32m582.00 B[39m
@aah/service-advising:build: [32mDTS[39m [1mdist\index.d.ts  [22m[32m582.00 B[39m
@aah/service-support:build: [32mDTS[39m ‚ö°Ô∏è Build success in 4439ms
@aah/service-support:build: [32mDTS[39m [1mdist\index.d.mts [22m[32m227.00 B[39m
@aah/service-support:build: [32mDTS[39m [1mdist\index.d.ts  [22m[32m227.00 B[39m
@aah/service-compliance:build: src/index.ts(39,10): error TS2305: Module '"./types"' has no exported member 'Variables'.
@aah/service-compliance:build: 
@aah/service-compliance:build: [31mError: error occurred in dts build
@aah/service-compliance:build:     at Worker.<anonymous> (C:\Users\dgorn\My Gemini Code\academic-athletics-saas\node_modules\.pnpm\tsup@8.5.0_tsx@4.20.6_typescript@5.9.3\node_modules\tsup\dist\index.js:1545:26)
@aah/service-compliance:build:     at Worker.emit (node:events:507:28)
@aah/service-compliance:build:     at MessagePort.<anonymous> (node:internal/worker:268:53)
@aah/service-compliance:build:     at [nodejs.internal.kHybridDispatch] (node:internal/event_target:827:20)
@aah/service-compliance:build:     at MessagePort.<anonymous> (node:internal/per_context/messageport:23:28)[39m
@aah/service-compliance:build: [31mDTS[39m [31mBuild error[39m
@aah/service-compliance:build: ‚ÄâELIFECYCLE‚Äâ Command failed with exit code 1.
@aah/service-compliance:build: ERROR: command finished with error: command (C:\Users\dgorn\My Gemini Code\academic-athletics-saas\services\compliance) C:\Users\dgorn\AppData\Local\pnpm\.tools\pnpm\8.15.0\bin\pnpm.CMD run build exited (1)
@aah/service-compliance#build: command (C:\Users\dgorn\My Gemini Code\academic-athletics-saas\services\compliance) C:\Users\dgorn\AppData\Local\pnpm\.tools\pnpm\8.15.0\bin\pnpm.CMD run build exited (1)

 Tasks:    2 successful, 10 total
Cached:    0 cached, 10 total
  Time:    7.839s 
Failed:    @aah/service-compliance#build

 ERROR  run failed: command  exited (1)
‚ÄâELIFECYCLE‚Äâ Command failed with exit code 1.
