
> @aah/ai-evals@1.0.0 build C:\Users\dgorn\My Gemini Code\academic-athletics-saas\packages\ai-evals
> tsup src/index.ts --format cjs,esm --dts

[34mCLI[39m Building entry: src/index.ts
[34mCLI[39m Using tsconfig: tsconfig.json
[34mCLI[39m tsup v8.5.0
[34mCLI[39m Using tsup config: C:\Users\dgorn\My Gemini Code\academic-athletics-saas\packages\ai-evals\tsup.config.ts
[34mCLI[39m Target: es2022
[34mCLI[39m Cleaning output folder
[34mCJS[39m Build start
[34mESM[39m Build start
[34mDTS[39m Build start
[32mCJS[39m [1mdist\index.js     [22m[32m147.80 KB[39m
[32mCJS[39m [1mdist\index.js.map [22m[32m356.60 KB[39m
[32mCJS[39m ‚ö°Ô∏è Build success in 644ms
[32mESM[39m [1mdist\index.mjs     [22m[32m145.74 KB[39m
[32mESM[39m [1mdist\index.mjs.map [22m[32m356.47 KB[39m
[32mESM[39m ‚ö°Ô∏è Build success in 643ms
src/model-comparison.ts(111,11): error TS2345: Argument of type 'ModelConfig' is not assignable to parameter of type 'RunnerConfig'.
  Property 'modelId' is missing in type 'ModelConfig' but required in type 'RunnerConfig'.
src/model-comparison.ts(114,22): error TS2345: Argument of type '{ testCaseId?: string | undefined; input?: any; expected?: any; actual?: any; metadata?: { modelId?: string | undefined; latency?: number | undefined; tokenUsage?: { prompt?: number | undefined; completion?: number | undefined; total?: number | undefined; } | undefined; cost?: number | undefined; timestamp?: { ...; ...' is not assignable to parameter of type 'RunResult<any>'.
  Types of property 'testCaseId' are incompatible.
    Type 'string | undefined' is not assignable to type 'string'.
      Type 'undefined' is not assignable to type 'string'.
src/model-comparison.ts(170,15): error TS2345: Argument of type 'ModelConfig' is not assignable to parameter of type 'RunnerConfig'.
  Property 'modelId' is missing in type 'ModelConfig' but required in type 'RunnerConfig'.
src/model-comparison.ts(173,26): error TS2345: Argument of type '{ testCaseId?: string | undefined; input?: any; expected?: any; actual?: any; metadata?: { modelId?: string | undefined; latency?: number | undefined; tokenUsage?: { prompt?: number | undefined; completion?: number | undefined; total?: number | undefined; } | undefined; cost?: number | undefined; timestamp?: { ...; ...' is not assignable to parameter of type 'RunResult<any>'.
  Types of property 'testCaseId' are incompatible.
    Type 'string | undefined' is not assignable to type 'string'.
      Type 'undefined' is not assignable to type 'string'.

[31mError: error occurred in dts build
    at Worker.<anonymous> (C:\Users\dgorn\My Gemini Code\academic-athletics-saas\node_modules\.pnpm\tsup@8.5.0_tsx@4.20.6_typescript@5.9.3_yaml@2.8.1\node_modules\tsup\dist\index.js:1545:26)
    at Worker.emit (node:events:507:28)
    at MessagePort.<anonymous> (node:internal/worker:268:53)
    at [nodejs.internal.kHybridDispatch] (node:internal/event_target:827:20)
    at MessagePort.<anonymous> (node:internal/per_context/messageport:23:28)[39m
[31mDTS[39m [31mBuild error[39m
C:\Users\dgorn\My Gemini Code\academic-athletics-saas\packages\ai-evals:
‚ÄâERR_PNPM_RECURSIVE_RUN_FIRST_FAIL‚Äâ @aah/ai-evals@1.0.0 build: `tsup src/index.ts --format cjs,esm --dts`
Exit status 1
